<?xml version="1.0" encoding="UTF-8"?>
<!-- Generated by org.testng.reporters.JUnitReportReporter -->
<testsuite hostname="DESKTOP-M33H2CL" name="tests.DeleteLead" tests="1" failures="0" timestamp="10 Nov 2017 09:16:41 GMT" time="27.429" errors="0">
  <testcase name="duplicateLead" time="27.429" classname="tests.DeleteLead"/>
</testsuite> <!-- tests.DeleteLead -->
