<?xml version="1.0" encoding="UTF-8"?>
<!-- Generated by org.testng.reporters.JUnitReportReporter -->
<testsuite hostname="DESKTOP-M33H2CL" name="util.learnExtentReprot" tests="1" failures="0" timestamp="11 Nov 2017 20:05:45 GMT" time="1.131" errors="0">
  <testcase name="report" time="1.131" classname="util.learnExtentReprot"/>
</testsuite> <!-- util.learnExtentReprot -->
