<?xml version="1.0" encoding="UTF-8"?>
<!-- Generated by org.testng.reporters.JUnitReportReporter -->
<testsuite hostname="DESKTOP-M33H2CL" name="tests.CreateContact" tests="1" failures="0" timestamp="5 Nov 2017 20:27:26 GMT" time="45.902" errors="0">
  <testcase name="createCont" time="45.902" classname="tests.CreateContact"/>
</testsuite> <!-- tests.CreateContact -->
