<?xml version="1.0" encoding="UTF-8"?>
<!-- Generated by org.testng.reporters.JUnitReportReporter -->
<testsuite hostname="DESKTOP-M33H2CL" name="tests.CreateLead" tests="2" failures="0" timestamp="11 Nov 2017 19:45:18 GMT" time="48.849" errors="0">
  <testcase name="createLead" time="24.738" classname="tests.CreateLead"/>
  <testcase name="createLead" time="24.111" classname="tests.CreateLead"/>
</testsuite> <!-- tests.CreateLead -->
